[0507/121350.812:ERROR:process_memory_win.cc(73)] ReadMemory at 0x7ff7f6e20000 of 64 bytes failed: Only part of a ReadProcessMemory or WriteProcessMemory request was completed. (0x12B)
[0507/121350.812:WARNING:pe_image_reader.cc(340)] could not read dos header from C:\Program Files (x86)\Google\Chrome\Application\chrome.exe
[0507/121350.813:ERROR:process_memory_win.cc(73)] ReadMemory at 0x7ffb4f9a0000 of 64 bytes failed: Only part of a ReadProcessMemory or WriteProcessMemory request was completed. (0x12B)
[0507/121350.813:WARNING:pe_image_reader.cc(340)] could not read dos header from C:\Windows\SYSTEM32\ntdll.dll
[0507/121350.813:ERROR:process_memory_win.cc(73)] ReadMemory at 0x7ffb4dc00000 of 64 bytes failed: Only part of a ReadProcessMemory or WriteProcessMemory request was completed. (0x12B)
[0507/121350.813:WARNING:pe_image_reader.cc(340)] could not read dos header from C:\Windows\System32\KERNEL32.DLL
[0507/121350.813:ERROR:process_memory_win.cc(73)] ReadMemory at 0x7ffb4c930000 of 64 bytes failed: Only part of a ReadProcessMemory or WriteProcessMemory request was completed. (0x12B)
[0507/121350.813:WARNING:pe_image_reader.cc(340)] could not read dos header from C:\Windows\System32\KERNELBASE.dll
[0507/121350.813:ERROR:process_memory_win.cc(73)] ReadMemory at 0x7ffb4aa00000 of 64 bytes failed: Only part of a ReadProcessMemory or WriteProcessMemory request was completed. (0x12B)
[0507/121350.813:WARNING:pe_image_reader.cc(340)] could not read dos header from C:\Windows\SYSTEM32\apphelp.dll
[0507/121350.813:ERROR:process_memory_win.cc(73)] ReadMemory at 0x7ffb23ff0000 of 64 bytes failed: Only part of a ReadProcessMemory or WriteProcessMemory request was completed. (0x12B)
[0507/121350.813:WARNING:pe_image_reader.cc(340)] could not read dos header from C:\Program Files (x86)\Google\Chrome\Application\81.0.4044.138\chrome_elf.dll
[0507/121350.813:ERROR:process_memory_win.cc(73)] ReadMemory at 0x7ffb45430000 of 64 bytes failed: Only part of a ReadProcessMemory or WriteProcessMemory request was completed. (0x12B)
[0507/121350.813:WARNING:pe_image_reader.cc(340)] could not read dos header from C:\Windows\SYSTEM32\VERSION.dll
[0507/121350.813:ERROR:process_memory_win.cc(73)] ReadMemory at 0x7ffb4e150000 of 64 bytes failed: Only part of a ReadProcessMemory or WriteProcessMemory request was completed. (0x12B)
[0507/121350.813:WARNING:pe_image_reader.cc(340)] could not read dos header from C:\Windows\System32\msvcrt.dll
[0507/121350.813:ERROR:process_memory_win.cc(73)] ReadMemory at 0x7ffb4cbe0000 of 64 bytes failed: Only part of a ReadProcessMemory or WriteProcessMemory request was completed. (0x12B)
[0507/121350.813:WARNING:pe_image_reader.cc(340)] could not read dos header from C:\Windows\System32\bcryptPrimitives.dll
[0507/121350.813:ERROR:process_memory_win.cc(73)] ReadMemory at 0x7ffb4df00000 of 64 bytes failed: Only part of a ReadProcessMemory or WriteProcessMemory request was completed. (0x12B)
[0507/121350.813:WARNING:pe_image_reader.cc(340)] could not read dos header from C:\Windows\System32\ADVAPI32.dll
[0507/121350.813:ERROR:process_memory_win.cc(73)] ReadMemory at 0x7ffb4f490000 of 64 bytes failed: Only part of a ReadProcessMemory or WriteProcessMemory request was completed. (0x12B)
[0507/121350.813:WARNING:pe_image_reader.cc(340)] could not read dos header from C:\Windows\System32\sechost.dll
[0507/121350.813:ERROR:process_memory_win.cc(73)] ReadMemory at 0x7ffb4f560000 of 64 bytes failed: Only part of a ReadProcessMemory or WriteProcessMemory request was completed. (0x12B)
[0507/121350.813:WARNING:pe_image_reader.cc(340)] could not read dos header from C:\Windows\System32\RPCRT4.dll
[0507/121350.814:ERROR:process_memory_win.cc(73)] ReadMemory at 0x7ffaef870000 of 64 bytes failed: Only part of a ReadProcessMemory or WriteProcessMemory request was completed. (0x12B)
[0507/121350.814:WARNING:pe_image_reader.cc(340)] could not read dos header from C:\Program Files (x86)\Google\Chrome\Application\81.0.4044.138\chrome.dll
[0507/121350.814:ERROR:process_memory_win.cc(73)] ReadMemory at 0x7ffb4de90000 of 64 bytes failed: Only part of a ReadProcessMemory or WriteProcessMemory request was completed. (0x12B)
[0507/121350.814:WARNING:pe_image_reader.cc(340)] could not read dos header from C:\Windows\System32\WS2_32.dll
[0507/121350.814:ERROR:process_memory_win.cc(73)] ReadMemory at 0x7ffb4e540000 of 64 bytes failed: Only part of a ReadProcessMemory or WriteProcessMemory request was completed. (0x12B)
[0507/121350.814:WARNING:pe_image_reader.cc(340)] could not read dos header from C:\Windows\System32\OLEAUT32.dll
[0507/121350.814:ERROR:process_memory_win.cc(73)] ReadMemory at 0x7ffb4d700000 of 64 bytes failed: Only part of a ReadProcessMemory or WriteProcessMemory request was completed. (0x12B)
[0507/121350.814:WARNING:pe_image_reader.cc(340)] could not read dos header from C:\Windows\System32\msvcp_win.dll
[0507/121350.814:ERROR:process_memory_win.cc(73)] ReadMemory at 0x7ffb4cc60000 of 64 bytes failed: Only part of a ReadProcessMemory or WriteProcessMemory request was completed. (0x12B)
[0507/121350.814:WARNING:pe_image_reader.cc(340)] could not read dos header from C:\Windows\System32\ucrtbase.dll
[0507/121350.814:ERROR:process_memory_win.cc(73)] ReadMemory at 0x7ffb4e1f0000 of 64 bytes failed: Only part of a ReadProcessMemory or WriteProcessMemory request was completed. (0x12B)
[0507/121350.814:WARNING:pe_image_reader.cc(340)] could not read dos header from C:\Windows\System32\combase.dll
[0507/121350.814:ERROR:process_memory_win.cc(73)] ReadMemory at 0x7ffb4d940000 of 64 bytes failed: Only part of a ReadProcessMemory or WriteProcessMemory request was completed. (0x12B)
[0507/121350.814:WARNING:pe_image_reader.cc(340)] could not read dos header from C:\Windows\System32\WINTRUST.dll
[0507/121350.814:ERROR:process_memory_win.cc(73)] ReadMemory at 0x7ffb4c910000 of 64 bytes failed: Only part of a ReadProcessMemory or WriteProcessMemory request was completed. (0x12B)
[0507/121350.814:WARNING:pe_image_reader.cc(340)] could not read dos header from C:\Windows\System32\MSASN1.dll
[0507/121350.814:ERROR:process_memory_win.cc(73)] ReadMemory at 0x7ffb4cdc0000 of 64 bytes failed: Only part of a ReadProcessMemory or WriteProcessMemory request was completed. (0x12B)
[0507/121350.814:WARNING:pe_image_reader.cc(340)] could not read dos header from C:\Windows\System32\CRYPT32.dll
[0507/121350.814:ERROR:process_memory_win.cc(73)] ReadMemory at 0x7ffb4bde0000 of 64 bytes failed: Only part of a ReadProcessMemory or WriteProcessMemory request was completed. (0x12B)
[0507/121350.814:WARNING:pe_image_reader.cc(340)] could not read dos header from C:\Windows\SYSTEM32\IPHLPAPI.DLL
[0507/121350.814:ERROR:process_memory_win.cc(73)] ReadMemory at 0x7ffb49520000 of 64 bytes failed: Only part of a ReadProcessMemory or WriteProcessMemory request was completed. (0x12B)
[0507/121350.814:WARNING:pe_image_reader.cc(340)] could not read dos header from C:\Windows\SYSTEM32\WINMM.dll
[0507/121350.814:ERROR:process_memory_win.cc(73)] ReadMemory at 0x7ffb3f780000 of 64 bytes failed: Only part of a ReadProcessMemory or WriteProcessMemory request was completed. (0x12B)
[0507/121350.814:WARNING:pe_image_reader.cc(340)] could not read dos header from C:\Windows\SYSTEM32\Secur32.dll
[0507/121350.814:ERROR:process_memory_win.cc(73)] ReadMemory at 0x7ffb4c780000 of 64 bytes failed: Only part of a ReadProcessMemory or WriteProcessMemory request was completed. (0x12B)
[0507/121350.814:WARNING:pe_image_reader.cc(340)] could not read dos header from C:\Windows\SYSTEM32\USERENV.dll
[0507/121350.814:ERROR:process_memory_win.cc(73)] ReadMemory at 0x7ffb4c8e0000 of 64 bytes failed: Only part of a ReadProcessMemory or WriteProcessMemory request was completed. (0x12B)
[0507/121350.814:WARNING:pe_image_reader.cc(340)] could not read dos header from C:\Windows\System32\profapi.dll
[0507/121350.814:ERROR:process_memory_win.cc(73)] ReadMemory at 0x7ffb272c0000 of 64 bytes failed: Only part of a ReadProcessMemory or WriteProcessMemory request was completed. (0x12B)
[0507/121350.814:WARNING:pe_image_reader.cc(340)] could not read dos header from C:\Windows\SYSTEM32\UIAutomationCore.DLL
[0507/121350.814:ERROR:process_memory_win.cc(73)] ReadMemory at 0x7ffb3be50000 of 64 bytes failed: Only part of a ReadProcessMemory or WriteProcessMemory request was completed. (0x12B)
[0507/121350.814:WARNING:pe_image_reader.cc(340)] could not read dos header from C:\Windows\SYSTEM32\DWrite.dll
[0507/121350.814:ERROR:process_memory_win.cc(73)] ReadMemory at 0x7ffb43630000 of 64 bytes failed: Only part of a ReadProcessMemory or WriteProcessMemory request was completed. (0x12B)
[0507/121350.814:WARNING:pe_image_reader.cc(340)] could not read dos header from C:\Windows\SYSTEM32\WINSPOOL.DRV
[0507/121350.814:ERROR:process_memory_win.cc(73)] ReadMemory at 0x7ffb4c8c0000 of 64 bytes failed: Only part of a ReadProcessMemory or WriteProcessMemory request was completed. (0x12B)
[0507/121350.814:WARNING:pe_image_reader.cc(340)] could not read dos header from C:\Windows\System32\kernel.appcore.dll
[0507/121350.814:ERROR:process_memory_win.cc(73)] ReadMemory at 0x7ffb4cd60000 of 64 bytes failed: Only part of a ReadProcessMemory or WriteProcessMemory request was completed. (0x12B)
[0507/121350.814:WARNING:pe_image_reader.cc(340)] could not read dos header from C:\Windows\System32\bcrypt.dll
[0507/121350.814:ERROR:process_memory_win.cc(73)] ReadMemory at 0x7ffb3ddd0000 of 64 bytes failed: Only part of a ReadProcessMemory or WriteProcessMemory request was completed. (0x12B)
[0507/121350.814:WARNING:pe_image_reader.cc(340)] could not read dos header from C:\Windows\SYSTEM32\dbghelp.dll
[0507/121350.815:ERROR:process_memory_win.cc(73)] ReadMemory at 0x7ffb42680000 of 64 bytes failed: Only part of a ReadProcessMemory or WriteProcessMemory request was completed. (0x12B)
[0507/121350.815:WARNING:pe_image_reader.cc(340)] could not read dos header from C:\Windows\SYSTEM32\WINHTTP.dll
[0507/121350.815:ERROR:process_memory_win.cc(73)] ReadMemory at 0x7ffb46450000 of 64 bytes failed: Only part of a ReadProcessMemory or WriteProcessMemory request was completed. (0x12B)
[0507/121350.815:WARNING:pe_image_reader.cc(340)] could not read dos header from C:\Windows\SYSTEM32\dhcpcsvc.DLL
[0507/121350.815:ERROR:process_memory_win.cc(73)] ReadMemory at 0x7ffb4f6b0000 of 64 bytes failed: Only part of a ReadProcessMemory or WriteProcessMemory request was completed. (0x12B)
[0507/121350.815:WARNING:pe_image_reader.cc(340)] could not read dos header from C:\Windows\System32\NSI.dll
[0507/121350.815:ERROR:process_memory_win.cc(73)] ReadMemory at 0x7ffb494f0000 of 64 bytes failed: Only part of a ReadProcessMemory or WriteProcessMemory request was completed. (0x12B)
[0507/121350.815:WARNING:pe_image_reader.cc(340)] could not read dos header from C:\Windows\SYSTEM32\WINMMBASE.dll
[0507/121350.815:ERROR:process_memory_win.cc(73)] ReadMemory at 0x7ffb4cf10000 of 64 bytes failed: Only part of a ReadProcessMemory or WriteProcessMemory request was completed. (0x12B)
[0507/121350.815:WARNING:pe_image_reader.cc(340)] could not read dos header from C:\Windows\System32\cfgmgr32.dll
[0507/121350.815:ERROR:process_memory_win.cc(73)] ReadMemory at 0x7ffb490b0000 of 64 bytes failed: Only part of a ReadProcessMemory or WriteProcessMemory request was completed. (0x12B)
[0507/121350.815:WARNING:pe_image_reader.cc(340)] could not read dos header from C:\Windows\SYSTEM32\PROPSYS.dll
[0507/121350.815:ERROR:process_memory_win.cc(73)] ReadMemory at 0x7ffb4e760000 of 64 bytes failed: Only part of a ReadProcessMemory or WriteProcessMemory request was completed. (0x12B)
[0507/121350.815:WARNING:pe_image_reader.cc(340)] could not read dos header from C:\Windows\System32\shcore.dll
[0507/121350.815:ERROR:process_memory_win.cc(73)] ReadMemory at 0x7ffb4c750000 of 64 bytes failed: Only part of a ReadProcessMemory or WriteProcessMemory request was completed. (0x12B)
[0507/121350.815:WARNING:pe_image_reader.cc(340)] could not read dos header from C:\Windows\SYSTEM32\SSPICLI.DLL
[0507/121350.815:ERROR:process_memory_win.cc(73)] ReadMemory at 0x7ffb4c2a0000 of 64 bytes failed: Only part of a ReadProcessMemory or WriteProcessMemory request was completed. (0x12B)
[0507/121350.815:WARNING:pe_image_reader.cc(340)] could not read dos header from C:\Windows\SYSTEM32\CRYPTBASE.DLL
[0507/121350.817:ERROR:process_memory_win.cc(73)] ReadMemory at 0x7ff7f6e20000 of 64 bytes failed: Only part of a ReadProcessMemory or WriteProcessMemory request was completed. (0x12B)
[0507/121350.818:WARNING:pe_image_reader.cc(340)] could not read dos header from C:\Program Files (x86)\Google\Chrome\Application\chrome.exe
[0507/121350.818:ERROR:process_memory_win.cc(73)] ReadMemory at 0x7ffb4f9a0000 of 64 bytes failed: Only part of a ReadProcessMemory or WriteProcessMemory request was completed. (0x12B)
[0507/121350.818:WARNING:pe_image_reader.cc(340)] could not read dos header from C:\Windows\SYSTEM32\ntdll.dll
[0507/121350.818:ERROR:process_memory_win.cc(73)] ReadMemory at 0x7ffb4dc00000 of 64 bytes failed: Only part of a ReadProcessMemory or WriteProcessMemory request was completed. (0x12B)
[0507/121350.818:WARNING:pe_image_reader.cc(340)] could not read dos header from C:\Windows\System32\KERNEL32.DLL
[0507/121350.818:ERROR:process_memory_win.cc(73)] ReadMemory at 0x7ffb4c930000 of 64 bytes failed: Only part of a ReadProcessMemory or WriteProcessMemory request was completed. (0x12B)
[0507/121350.818:WARNING:pe_image_reader.cc(340)] could not read dos header from C:\Windows\System32\KERNELBASE.dll
[0507/121350.818:ERROR:process_memory_win.cc(73)] ReadMemory at 0x7ffb4aa00000 of 64 bytes failed: Only part of a ReadProcessMemory or WriteProcessMemory request was completed. (0x12B)
[0507/121350.818:WARNING:pe_image_reader.cc(340)] could not read dos header from C:\Windows\SYSTEM32\apphelp.dll
[0507/121350.818:ERROR:process_memory_win.cc(73)] ReadMemory at 0x7ffb23ff0000 of 64 bytes failed: Only part of a ReadProcessMemory or WriteProcessMemory request was completed. (0x12B)
[0507/121350.818:WARNING:pe_image_reader.cc(340)] could not read dos header from C:\Program Files (x86)\Google\Chrome\Application\81.0.4044.138\chrome_elf.dll
[0507/121350.818:ERROR:process_memory_win.cc(73)] ReadMemory at 0x7ffb45430000 of 64 bytes failed: Only part of a ReadProcessMemory or WriteProcessMemory request was completed. (0x12B)
[0507/121350.818:WARNING:pe_image_reader.cc(340)] could not read dos header from C:\Windows\SYSTEM32\VERSION.dll
[0507/121350.818:ERROR:process_memory_win.cc(73)] ReadMemory at 0x7ffb4e150000 of 64 bytes failed: Only part of a ReadProcessMemory or WriteProcessMemory request was completed. (0x12B)
[0507/121350.818:WARNING:pe_image_reader.cc(340)] could not read dos header from C:\Windows\System32\msvcrt.dll
[0507/121350.818:ERROR:process_memory_win.cc(73)] ReadMemory at 0x7ffb4cbe0000 of 64 bytes failed: Only part of a ReadProcessMemory or WriteProcessMemory request was completed. (0x12B)
[0507/121350.818:WARNING:pe_image_reader.cc(340)] could not read dos header from C:\Windows\System32\bcryptPrimitives.dll
[0507/121350.818:ERROR:process_memory_win.cc(73)] ReadMemory at 0x7ffb4df00000 of 64 bytes failed: Only part of a ReadProcessMemory or WriteProcessMemory request was completed. (0x12B)
[0507/121350.818:WARNING:pe_image_reader.cc(340)] could not read dos header from C:\Windows\System32\ADVAPI32.dll
[0507/121350.818:ERROR:process_memory_win.cc(73)] ReadMemory at 0x7ffb4f490000 of 64 bytes failed: Only part of a ReadProcessMemory or WriteProcessMemory request was completed. (0x12B)
[0507/121350.818:WARNING:pe_image_reader.cc(340)] could not read dos header from C:\Windows\System32\sechost.dll
[0507/121350.818:ERROR:process_memory_win.cc(73)] ReadMemory at 0x7ffb4f560000 of 64 bytes failed: Only part of a ReadProcessMemory or WriteProcessMemory request was completed. (0x12B)
[0507/121350.818:WARNING:pe_image_reader.cc(340)] could not read dos header from C:\Windows\System32\RPCRT4.dll
[0507/121350.818:ERROR:process_memory_win.cc(73)] ReadMemory at 0x7ffaef870000 of 64 bytes failed: Only part of a ReadProcessMemory or WriteProcessMemory request was completed. (0x12B)
[0507/121350.818:WARNING:pe_image_reader.cc(340)] could not read dos header from C:\Program Files (x86)\Google\Chrome\Application\81.0.4044.138\chrome.dll
[0507/121350.818:ERROR:process_memory_win.cc(73)] ReadMemory at 0x7ffb4de90000 of 64 bytes failed: Only part of a ReadProcessMemory or WriteProcessMemory request was completed. (0x12B)
[0507/121350.818:WARNING:pe_image_reader.cc(340)] could not read dos header from C:\Windows\System32\WS2_32.dll
[0507/121350.818:ERROR:process_memory_win.cc(73)] ReadMemory at 0x7ffb4e540000 of 64 bytes failed: Only part of a ReadProcessMemory or WriteProcessMemory request was completed. (0x12B)
[0507/121350.818:WARNING:pe_image_reader.cc(340)] could not read dos header from C:\Windows\System32\OLEAUT32.dll
[0507/121350.818:ERROR:process_memory_win.cc(73)] ReadMemory at 0x7ffb4d700000 of 64 bytes failed: Only part of a ReadProcessMemory or WriteProcessMemory request was completed. (0x12B)
[0507/121350.818:WARNING:pe_image_reader.cc(340)] could not read dos header from C:\Windows\System32\msvcp_win.dll
[0507/121350.818:ERROR:process_memory_win.cc(73)] ReadMemory at 0x7ffb4cc60000 of 64 bytes failed: Only part of a ReadProcessMemory or WriteProcessMemory request was completed. (0x12B)
[0507/121350.818:WARNING:pe_image_reader.cc(340)] could not read dos header from C:\Windows\System32\ucrtbase.dll
[0507/121350.818:ERROR:process_memory_win.cc(73)] ReadMemory at 0x7ffb4e1f0000 of 64 bytes failed: Only part of a ReadProcessMemory or WriteProcessMemory request was completed. (0x12B)
[0507/121350.818:WARNING:pe_image_reader.cc(340)] could not read dos header from C:\Windows\System32\combase.dll
[0507/121350.818:ERROR:process_memory_win.cc(73)] ReadMemory at 0x7ffb4d940000 of 64 bytes failed: Only part of a ReadProcessMemory or WriteProcessMemory request was completed. (0x12B)
[0507/121350.818:WARNING:pe_image_reader.cc(340)] could not read dos header from C:\Windows\System32\WINTRUST.dll
[0507/121350.818:ERROR:process_memory_win.cc(73)] ReadMemory at 0x7ffb4c910000 of 64 bytes failed: Only part of a ReadProcessMemory or WriteProcessMemory request was completed. (0x12B)
[0507/121350.818:WARNING:pe_image_reader.cc(340)] could not read dos header from C:\Windows\System32\MSASN1.dll
[0507/121350.818:ERROR:process_memory_win.cc(73)] ReadMemory at 0x7ffb4cdc0000 of 64 bytes failed: Only part of a ReadProcessMemory or WriteProcessMemory request was completed. (0x12B)
[0507/121350.818:WARNING:pe_image_reader.cc(340)] could not read dos header from C:\Windows\System32\CRYPT32.dll
[0507/121350.818:ERROR:process_memory_win.cc(73)] ReadMemory at 0x7ffb4bde0000 of 64 bytes failed: Only part of a ReadProcessMemory or WriteProcessMemory request was completed. (0x12B)
[0507/121350.818:WARNING:pe_image_reader.cc(340)] could not read dos header from C:\Windows\SYSTEM32\IPHLPAPI.DLL
[0507/121350.819:ERROR:process_memory_win.cc(73)] ReadMemory at 0x7ffb49520000 of 64 bytes failed: Only part of a ReadProcessMemory or WriteProcessMemory request was completed. (0x12B)
[0507/121350.819:WARNING:pe_image_reader.cc(340)] could not read dos header from C:\Windows\SYSTEM32\WINMM.dll
[0507/121350.819:ERROR:process_memory_win.cc(73)] ReadMemory at 0x7ffb3f780000 of 64 bytes failed: Only part of a ReadProcessMemory or WriteProcessMemory request was completed. (0x12B)
[0507/121350.819:WARNING:pe_image_reader.cc(340)] could not read dos header from C:\Windows\SYSTEM32\Secur32.dll
[0507/121350.819:ERROR:process_memory_win.cc(73)] ReadMemory at 0x7ffb4c780000 of 64 bytes failed: Only part of a ReadProcessMemory or WriteProcessMemory request was completed. (0x12B)
[0507/121350.819:WARNING:pe_image_reader.cc(340)] could not read dos header from C:\Windows\SYSTEM32\USERENV.dll
[0507/121350.819:ERROR:process_memory_win.cc(73)] ReadMemory at 0x7ffb4c8e0000 of 64 bytes failed: Only part of a ReadProcessMemory or WriteProcessMemory request was completed. (0x12B)
[0507/121350.819:WARNING:pe_image_reader.cc(340)] could not read dos header from C:\Windows\System32\profapi.dll
[0507/121350.819:ERROR:process_memory_win.cc(73)] ReadMemory at 0x7ffb272c0000 of 64 bytes failed: Only part of a ReadProcessMemory or WriteProcessMemory request was completed. (0x12B)
[0507/121350.819:WARNING:pe_image_reader.cc(340)] could not read dos header from C:\Windows\SYSTEM32\UIAutomationCore.DLL
[0507/121350.819:ERROR:process_memory_win.cc(73)] ReadMemory at 0x7ffb3be50000 of 64 bytes failed: Only part of a ReadProcessMemory or WriteProcessMemory request was completed. (0x12B)
[0507/121350.819:WARNING:pe_image_reader.cc(340)] could not read dos header from C:\Windows\SYSTEM32\DWrite.dll
[0507/121350.819:ERROR:process_memory_win.cc(73)] ReadMemory at 0x7ffb43630000 of 64 bytes failed: Only part of a ReadProcessMemory or WriteProcessMemory request was completed. (0x12B)
[0507/121350.819:WARNING:pe_image_reader.cc(340)] could not read dos header from C:\Windows\SYSTEM32\WINSPOOL.DRV
[0507/121350.819:ERROR:process_memory_win.cc(73)] ReadMemory at 0x7ffb4c8c0000 of 64 bytes failed: Only part of a ReadProcessMemory or WriteProcessMemory request was completed. (0x12B)
[0507/121350.819:WARNING:pe_image_reader.cc(340)] could not read dos header from C:\Windows\System32\kernel.appcore.dll
[0507/121350.819:ERROR:process_memory_win.cc(73)] ReadMemory at 0x7ffb4cd60000 of 64 bytes failed: Only part of a ReadProcessMemory or WriteProcessMemory request was completed. (0x12B)
[0507/121350.819:WARNING:pe_image_reader.cc(340)] could not read dos header from C:\Windows\System32\bcrypt.dll
[0507/121350.819:ERROR:process_memory_win.cc(73)] ReadMemory at 0x7ffb3ddd0000 of 64 bytes failed: Only part of a ReadProcessMemory or WriteProcessMemory request was completed. (0x12B)
[0507/121350.819:WARNING:pe_image_reader.cc(340)] could not read dos header from C:\Windows\SYSTEM32\dbghelp.dll
[0507/121350.819:ERROR:process_memory_win.cc(73)] ReadMemory at 0x7ffb42680000 of 64 bytes failed: Only part of a ReadProcessMemory or WriteProcessMemory request was completed. (0x12B)
[0507/121350.819:WARNING:pe_image_reader.cc(340)] could not read dos header from C:\Windows\SYSTEM32\WINHTTP.dll
[0507/121350.819:ERROR:process_memory_win.cc(73)] ReadMemory at 0x7ffb46450000 of 64 bytes failed: Only part of a ReadProcessMemory or WriteProcessMemory request was completed. (0x12B)
[0507/121350.819:WARNING:pe_image_reader.cc(340)] could not read dos header from C:\Windows\SYSTEM32\dhcpcsvc.DLL
[0507/121350.819:ERROR:process_memory_win.cc(73)] ReadMemory at 0x7ffb4f6b0000 of 64 bytes failed: Only part of a ReadProcessMemory or WriteProcessMemory request was completed. (0x12B)
[0507/121350.819:WARNING:pe_image_reader.cc(340)] could not read dos header from C:\Windows\System32\NSI.dll
[0507/121350.819:ERROR:process_memory_win.cc(73)] ReadMemory at 0x7ffb494f0000 of 64 bytes failed: Only part of a ReadProcessMemory or WriteProcessMemory request was completed. (0x12B)
[0507/121350.819:WARNING:pe_image_reader.cc(340)] could not read dos header from C:\Windows\SYSTEM32\WINMMBASE.dll
[0507/121350.819:ERROR:process_memory_win.cc(73)] ReadMemory at 0x7ffb4cf10000 of 64 bytes failed: Only part of a ReadProcessMemory or WriteProcessMemory request was completed. (0x12B)
[0507/121350.819:WARNING:pe_image_reader.cc(340)] could not read dos header from C:\Windows\System32\cfgmgr32.dll
[0507/121350.819:ERROR:process_memory_win.cc(73)] ReadMemory at 0x7ffb490b0000 of 64 bytes failed: Only part of a ReadProcessMemory or WriteProcessMemory request was completed. (0x12B)
[0507/121350.819:WARNING:pe_image_reader.cc(340)] could not read dos header from C:\Windows\SYSTEM32\PROPSYS.dll
[0507/121350.819:ERROR:process_memory_win.cc(73)] ReadMemory at 0x7ffb4e760000 of 64 bytes failed: Only part of a ReadProcessMemory or WriteProcessMemory request was completed. (0x12B)
[0507/121350.819:WARNING:pe_image_reader.cc(340)] could not read dos header from C:\Windows\System32\shcore.dll
[0507/121350.819:ERROR:process_memory_win.cc(73)] ReadMemory at 0x7ffb4c750000 of 64 bytes failed: Only part of a ReadProcessMemory or WriteProcessMemory request was completed. (0x12B)
[0507/121350.819:WARNING:pe_image_reader.cc(340)] could not read dos header from C:\Windows\SYSTEM32\SSPICLI.DLL
[0507/121350.819:ERROR:process_memory_win.cc(73)] ReadMemory at 0x7ffb4c2a0000 of 64 bytes failed: Only part of a ReadProcessMemory or WriteProcessMemory request was completed. (0x12B)
[0507/121350.819:WARNING:pe_image_reader.cc(340)] could not read dos header from C:\Windows\SYSTEM32\CRYPTBASE.DLL
[0507/121350.819:ERROR:process_memory_win.cc(73)] ReadMemory at 0x7ff7f6e20000 of 64 bytes failed: Only part of a ReadProcessMemory or WriteProcessMemory request was completed. (0x12B)
[0507/121350.819:WARNING:pe_image_reader.cc(340)] could not read dos header from C:\Program Files (x86)\Google\Chrome\Application\chrome.exe
[0507/121350.819:ERROR:process_memory_win.cc(73)] ReadMemory at 0x7ffb4f9a0000 of 64 bytes failed: Only part of a ReadProcessMemory or WriteProcessMemory request was completed. (0x12B)
[0507/121350.819:WARNING:pe_image_reader.cc(340)] could not read dos header from C:\Windows\SYSTEM32\ntdll.dll
[0507/121350.819:ERROR:process_memory_win.cc(73)] ReadMemory at 0x7ffb4dc00000 of 64 bytes failed: Only part of a ReadProcessMemory or WriteProcessMemory request was completed. (0x12B)
[0507/121350.819:WARNING:pe_image_reader.cc(340)] could not read dos header from C:\Windows\System32\KERNEL32.DLL
[0507/121350.819:ERROR:process_memory_win.cc(73)] ReadMemory at 0x7ffb4c930000 of 64 bytes failed: Only part of a ReadProcessMemory or WriteProcessMemory request was completed. (0x12B)
[0507/121350.819:WARNING:pe_image_reader.cc(340)] could not read dos header from C:\Windows\System32\KERNELBASE.dll
[0507/121350.820:ERROR:process_memory_win.cc(73)] ReadMemory at 0x7ffb4aa00000 of 64 bytes failed: Only part of a ReadProcessMemory or WriteProcessMemory request was completed. (0x12B)
[0507/121350.820:WARNING:pe_image_reader.cc(340)] could not read dos header from C:\Windows\SYSTEM32\apphelp.dll
[0507/121350.820:ERROR:process_memory_win.cc(73)] ReadMemory at 0x7ffb23ff0000 of 64 bytes failed: Only part of a ReadProcessMemory or WriteProcessMemory request was completed. (0x12B)
[0507/121350.820:WARNING:pe_image_reader.cc(340)] could not read dos header from C:\Program Files (x86)\Google\Chrome\Application\81.0.4044.138\chrome_elf.dll
[0507/121350.820:ERROR:process_memory_win.cc(73)] ReadMemory at 0x7ffb45430000 of 64 bytes failed: Only part of a ReadProcessMemory or WriteProcessMemory request was completed. (0x12B)
[0507/121350.820:WARNING:pe_image_reader.cc(340)] could not read dos header from C:\Windows\SYSTEM32\VERSION.dll
[0507/121350.820:ERROR:process_memory_win.cc(73)] ReadMemory at 0x7ffb4e150000 of 64 bytes failed: Only part of a ReadProcessMemory or WriteProcessMemory request was completed. (0x12B)
[0507/121350.820:WARNING:pe_image_reader.cc(340)] could not read dos header from C:\Windows\System32\msvcrt.dll
[0507/121350.820:ERROR:process_memory_win.cc(73)] ReadMemory at 0x7ffb4cbe0000 of 64 bytes failed: Only part of a ReadProcessMemory or WriteProcessMemory request was completed. (0x12B)
[0507/121350.820:WARNING:pe_image_reader.cc(340)] could not read dos header from C:\Windows\System32\bcryptPrimitives.dll
[0507/121350.820:ERROR:process_memory_win.cc(73)] ReadMemory at 0x7ffb4df00000 of 64 bytes failed: Only part of a ReadProcessMemory or WriteProcessMemory request was completed. (0x12B)
[0507/121350.820:WARNING:pe_image_reader.cc(340)] could not read dos header from C:\Windows\System32\ADVAPI32.dll
[0507/121350.820:ERROR:process_memory_win.cc(73)] ReadMemory at 0x7ffb4f490000 of 64 bytes failed: Only part of a ReadProcessMemory or WriteProcessMemory request was completed. (0x12B)
[0507/121350.820:WARNING:pe_image_reader.cc(340)] could not read dos header from C:\Windows\System32\sechost.dll
[0507/121350.820:ERROR:process_memory_win.cc(73)] ReadMemory at 0x7ffb4f560000 of 64 bytes failed: Only part of a ReadProcessMemory or WriteProcessMemory request was completed. (0x12B)
[0507/121350.820:WARNING:pe_image_reader.cc(340)] could not read dos header from C:\Windows\System32\RPCRT4.dll
[0507/121350.820:ERROR:process_memory_win.cc(73)] ReadMemory at 0x7ffaef870000 of 64 bytes failed: Only part of a ReadProcessMemory or WriteProcessMemory request was completed. (0x12B)
[0507/121350.820:WARNING:pe_image_reader.cc(340)] could not read dos header from C:\Program Files (x86)\Google\Chrome\Application\81.0.4044.138\chrome.dll
[0507/121350.820:ERROR:process_memory_win.cc(73)] ReadMemory at 0x7ffb4de90000 of 64 bytes failed: Only part of a ReadProcessMemory or WriteProcessMemory request was completed. (0x12B)
[0507/121350.820:WARNING:pe_image_reader.cc(340)] could not read dos header from C:\Windows\System32\WS2_32.dll
[0507/121350.820:ERROR:process_memory_win.cc(73)] ReadMemory at 0x7ffb4e540000 of 64 bytes failed: Only part of a ReadProcessMemory or WriteProcessMemory request was completed. (0x12B)
[0507/121350.820:WARNING:pe_image_reader.cc(340)] could not read dos header from C:\Windows\System32\OLEAUT32.dll
[0507/121350.820:ERROR:process_memory_win.cc(73)] ReadMemory at 0x7ffb4d700000 of 64 bytes failed: Only part of a ReadProcessMemory or WriteProcessMemory request was completed. (0x12B)
[0507/121350.820:WARNING:pe_image_reader.cc(340)] could not read dos header from C:\Windows\System32\msvcp_win.dll
[0507/121350.820:ERROR:process_memory_win.cc(73)] ReadMemory at 0x7ffb4cc60000 of 64 bytes failed: Only part of a ReadProcessMemory or WriteProcessMemory request was completed. (0x12B)
[0507/121350.820:WARNING:pe_image_reader.cc(340)] could not read dos header from C:\Windows\System32\ucrtbase.dll
[0507/121350.820:ERROR:process_memory_win.cc(73)] ReadMemory at 0x7ffb4e1f0000 of 64 bytes failed: Only part of a ReadProcessMemory or WriteProcessMemory request was completed. (0x12B)
[0507/121350.820:WARNING:pe_image_reader.cc(340)] could not read dos header from C:\Windows\System32\combase.dll
[0507/121350.820:ERROR:process_memory_win.cc(73)] ReadMemory at 0x7ffb4d940000 of 64 bytes failed: Only part of a ReadProcessMemory or WriteProcessMemory request was completed. (0x12B)
[0507/121350.820:WARNING:pe_image_reader.cc(340)] could not read dos header from C:\Windows\System32\WINTRUST.dll
[0507/121350.820:ERROR:process_memory_win.cc(73)] ReadMemory at 0x7ffb4c910000 of 64 bytes failed: Only part of a ReadProcessMemory or WriteProcessMemory request was completed. (0x12B)
[0507/121350.820:WARNING:pe_image_reader.cc(340)] could not read dos header from C:\Windows\System32\MSASN1.dll
[0507/121350.820:ERROR:process_memory_win.cc(73)] ReadMemory at 0x7ffb4cdc0000 of 64 bytes failed: Only part of a ReadProcessMemory or WriteProcessMemory request was completed. (0x12B)
[0507/121350.820:WARNING:pe_image_reader.cc(340)] could not read dos header from C:\Windows\System32\CRYPT32.dll
[0507/121350.820:ERROR:process_memory_win.cc(73)] ReadMemory at 0x7ffb4bde0000 of 64 bytes failed: Only part of a ReadProcessMemory or WriteProcessMemory request was completed. (0x12B)
[0507/121350.820:WARNING:pe_image_reader.cc(340)] could not read dos header from C:\Windows\SYSTEM32\IPHLPAPI.DLL
[0507/121350.820:ERROR:process_memory_win.cc(73)] ReadMemory at 0x7ffb49520000 of 64 bytes failed: Only part of a ReadProcessMemory or WriteProcessMemory request was completed. (0x12B)
[0507/121350.820:WARNING:pe_image_reader.cc(340)] could not read dos header from C:\Windows\SYSTEM32\WINMM.dll
[0507/121350.820:ERROR:process_memory_win.cc(73)] ReadMemory at 0x7ffb3f780000 of 64 bytes failed: Only part of a ReadProcessMemory or WriteProcessMemory request was completed. (0x12B)
[0507/121350.820:WARNING:pe_image_reader.cc(340)] could not read dos header from C:\Windows\SYSTEM32\Secur32.dll
[0507/121350.820:ERROR:process_memory_win.cc(73)] ReadMemory at 0x7ffb4c780000 of 64 bytes failed: Only part of a ReadProcessMemory or WriteProcessMemory request was completed. (0x12B)
[0507/121350.820:WARNING:pe_image_reader.cc(340)] could not read dos header from C:\Windows\SYSTEM32\USERENV.dll
[0507/121350.820:ERROR:process_memory_win.cc(73)] ReadMemory at 0x7ffb4c8e0000 of 64 bytes failed: Only part of a ReadProcessMemory or WriteProcessMemory request was completed. (0x12B)
[0507/121350.820:WARNING:pe_image_reader.cc(340)] could not read dos header from C:\Windows\System32\profapi.dll
[0507/121350.820:ERROR:process_memory_win.cc(73)] ReadMemory at 0x7ffb272c0000 of 64 bytes failed: Only part of a ReadProcessMemory or WriteProcessMemory request was completed. (0x12B)
[0507/121350.821:WARNING:pe_image_reader.cc(340)] could not read dos header from C:\Windows\SYSTEM32\UIAutomationCore.DLL
[0507/121350.821:ERROR:process_memory_win.cc(73)] ReadMemory at 0x7ffb3be50000 of 64 bytes failed: Only part of a ReadProcessMemory or WriteProcessMemory request was completed. (0x12B)
[0507/121350.821:WARNING:pe_image_reader.cc(340)] could not read dos header from C:\Windows\SYSTEM32\DWrite.dll
[0507/121350.821:ERROR:process_memory_win.cc(73)] ReadMemory at 0x7ffb43630000 of 64 bytes failed: Only part of a ReadProcessMemory or WriteProcessMemory request was completed. (0x12B)
[0507/121350.821:WARNING:pe_image_reader.cc(340)] could not read dos header from C:\Windows\SYSTEM32\WINSPOOL.DRV
[0507/121350.821:ERROR:process_memory_win.cc(73)] ReadMemory at 0x7ffb4c8c0000 of 64 bytes failed: Only part of a ReadProcessMemory or WriteProcessMemory request was completed. (0x12B)
[0507/121350.821:WARNING:pe_image_reader.cc(340)] could not read dos header from C:\Windows\System32\kernel.appcore.dll
[0507/121350.821:ERROR:process_memory_win.cc(73)] ReadMemory at 0x7ffb4cd60000 of 64 bytes failed: Only part of a ReadProcessMemory or WriteProcessMemory request was completed. (0x12B)
[0507/121350.821:WARNING:pe_image_reader.cc(340)] could not read dos header from C:\Windows\System32\bcrypt.dll
[0507/121350.821:ERROR:process_memory_win.cc(73)] ReadMemory at 0x7ffb3ddd0000 of 64 bytes failed: Only part of a ReadProcessMemory or WriteProcessMemory request was completed. (0x12B)
[0507/121350.821:WARNING:pe_image_reader.cc(340)] could not read dos header from C:\Windows\SYSTEM32\dbghelp.dll
[0507/121350.821:ERROR:process_memory_win.cc(73)] ReadMemory at 0x7ffb42680000 of 64 bytes failed: Only part of a ReadProcessMemory or WriteProcessMemory request was completed. (0x12B)
[0507/121350.821:WARNING:pe_image_reader.cc(340)] could not read dos header from C:\Windows\SYSTEM32\WINHTTP.dll
[0507/121350.821:ERROR:process_memory_win.cc(73)] ReadMemory at 0x7ffb46450000 of 64 bytes failed: Only part of a ReadProcessMemory or WriteProcessMemory request was completed. (0x12B)
[0507/121350.821:WARNING:pe_image_reader.cc(340)] could not read dos header from C:\Windows\SYSTEM32\dhcpcsvc.DLL
[0507/121350.821:ERROR:process_memory_win.cc(73)] ReadMemory at 0x7ffb4f6b0000 of 64 bytes failed: Only part of a ReadProcessMemory or WriteProcessMemory request was completed. (0x12B)
[0507/121350.821:WARNING:pe_image_reader.cc(340)] could not read dos header from C:\Windows\System32\NSI.dll
[0507/121350.821:ERROR:process_memory_win.cc(73)] ReadMemory at 0x7ffb494f0000 of 64 bytes failed: Only part of a ReadProcessMemory or WriteProcessMemory request was completed. (0x12B)
[0507/121350.821:WARNING:pe_image_reader.cc(340)] could not read dos header from C:\Windows\SYSTEM32\WINMMBASE.dll
[0507/121350.821:ERROR:process_memory_win.cc(73)] ReadMemory at 0x7ffb4cf10000 of 64 bytes failed: Only part of a ReadProcessMemory or WriteProcessMemory request was completed. (0x12B)
[0507/121350.821:WARNING:pe_image_reader.cc(340)] could not read dos header from C:\Windows\System32\cfgmgr32.dll
[0507/121350.821:ERROR:process_memory_win.cc(73)] ReadMemory at 0x7ffb490b0000 of 64 bytes failed: Only part of a ReadProcessMemory or WriteProcessMemory request was completed. (0x12B)
[0507/121350.821:WARNING:pe_image_reader.cc(340)] could not read dos header from C:\Windows\SYSTEM32\PROPSYS.dll
[0507/121350.821:ERROR:process_memory_win.cc(73)] ReadMemory at 0x7ffb4e760000 of 64 bytes failed: Only part of a ReadProcessMemory or WriteProcessMemory request was completed. (0x12B)
[0507/121350.821:WARNING:pe_image_reader.cc(340)] could not read dos header from C:\Windows\System32\shcore.dll
[0507/121350.821:ERROR:process_memory_win.cc(73)] ReadMemory at 0x7ffb4c750000 of 64 bytes failed: Only part of a ReadProcessMemory or WriteProcessMemory request was completed. (0x12B)
[0507/121350.821:WARNING:pe_image_reader.cc(340)] could not read dos header from C:\Windows\SYSTEM32\SSPICLI.DLL
[0507/121350.821:ERROR:process_memory_win.cc(73)] ReadMemory at 0x7ffb4c2a0000 of 64 bytes failed: Only part of a ReadProcessMemory or WriteProcessMemory request was completed. (0x12B)
[0507/121350.821:WARNING:pe_image_reader.cc(340)] could not read dos header from C:\Windows\SYSTEM32\CRYPTBASE.DLL
[0507/121351.404:ERROR:process_memory_win.cc(73)] ReadMemory at 0x55b1fec000 of 81920 bytes failed: Only part of a ReadProcessMemory or WriteProcessMemory request was completed. (0x12B)
[0507/121351.404:ERROR:process_memory_win.cc(73)] ReadMemory at 0x55b27fd000 of 12288 bytes failed: Only part of a ReadProcessMemory or WriteProcessMemory request was completed. (0x12B)
[0507/121351.404:ERROR:process_memory_win.cc(73)] ReadMemory at 0x55b37fd000 of 12288 bytes failed: Only part of a ReadProcessMemory or WriteProcessMemory request was completed. (0x12B)
[0507/121351.404:ERROR:process_memory_win.cc(73)] ReadMemory at 0x55b3ffb000 of 20480 bytes failed: Only part of a ReadProcessMemory or WriteProcessMemory request was completed. (0x12B)
[0507/121351.404:ERROR:process_memory_win.cc(73)] ReadMemory at 0x55b47fe000 of 8192 bytes failed: Only part of a ReadProcessMemory or WriteProcessMemory request was completed. (0x12B)
[0507/121351.404:ERROR:process_memory_win.cc(73)] ReadMemory at 0x55b4ffd000 of 12288 bytes failed: Only part of a ReadProcessMemory or WriteProcessMemory request was completed. (0x12B)
[0507/121351.404:ERROR:process_memory_win.cc(73)] ReadMemory at 0x55b57fb000 of 20480 bytes failed: Only part of a ReadProcessMemory or WriteProcessMemory request was completed. (0x12B)
[0507/121351.405:ERROR:process_memory_win.cc(73)] ReadMemory at 0x55b67fd000 of 12288 bytes failed: Only part of a ReadProcessMemory or WriteProcessMemory request was completed. (0x12B)
[0507/121351.405:ERROR:process_memory_win.cc(73)] ReadMemory at 0x55b6ff6000 of 40960 bytes failed: Only part of a ReadProcessMemory or WriteProcessMemory request was completed. (0x12B)
[0507/121351.405:ERROR:process_memory_win.cc(73)] ReadMemory at 0x55b77f5000 of 45056 bytes failed: Only part of a ReadProcessMemory or WriteProcessMemory request was completed. (0x12B)
[0507/121351.405:ERROR:process_memory_win.cc(73)] ReadMemory at 0x55b7ffc000 of 16384 bytes failed: Only part of a ReadProcessMemory or WriteProcessMemory request was completed. (0x12B)
[0507/121351.405:ERROR:process_memory_win.cc(73)] ReadMemory at 0x55b87fd000 of 12288 bytes failed: Only part of a ReadProcessMemory or WriteProcessMemory request was completed. (0x12B)
[0507/121351.405:ERROR:process_memory_win.cc(73)] ReadMemory at 0x55b5ff6000 of 40960 bytes failed: Only part of a ReadProcessMemory or WriteProcessMemory request was completed. (0x12B)
[0507/121351.405:ERROR:process_memory_win.cc(73)] ReadMemory at 0x55b2ffe000 of 8192 bytes failed: Only part of a ReadProcessMemory or WriteProcessMemory request was completed. (0x12B)
[0507/121351.405:ERROR:process_memory_win.cc(73)] ReadMemory at 0x55b1678000 of 6024 bytes failed: Only part of a ReadProcessMemory or WriteProcessMemory request was completed. (0x12B)
[0507/121351.405:ERROR:process_memory_win.cc(73)] ReadMemory at 0x55b168c000 of 6024 bytes failed: Only part of a ReadProcessMemory or WriteProcessMemory request was completed. (0x12B)
[0507/121351.405:ERROR:process_memory_win.cc(73)] ReadMemory at 0x55b17b8000 of 852 bytes failed: Only part of a ReadProcessMemory or WriteProcessMemory request was completed. (0x12B)
[0507/121351.405:ERROR:process_memory_win.cc(73)] ReadMemory at 0x55b17b9000 of 6024 bytes failed: Only part of a ReadProcessMemory or WriteProcessMemory request was completed. (0x12B)
[0507/121351.405:ERROR:process_memory_win.cc(73)] ReadMemory at 0x55b17bb000 of 6024 bytes failed: Only part of a ReadProcessMemory or WriteProcessMemory request was completed. (0x12B)
[0507/121351.405:ERROR:process_memory_win.cc(73)] ReadMemory at 0x55b17bf000 of 6024 bytes failed: Only part of a ReadProcessMemory or WriteProcessMemory request was completed. (0x12B)
[0507/121351.405:ERROR:process_memory_win.cc(73)] ReadMemory at 0x55b17c1000 of 6024 bytes failed: Only part of a ReadProcessMemory or WriteProcessMemory request was completed. (0x12B)
[0507/121351.405:ERROR:process_memory_win.cc(73)] ReadMemory at 0x55b17c3000 of 6024 bytes failed: Only part of a ReadProcessMemory or WriteProcessMemory request was completed. (0x12B)
[0507/121351.405:ERROR:process_memory_win.cc(73)] ReadMemory at 0x55b17c5000 of 6024 bytes failed: Only part of a ReadProcessMemory or WriteProcessMemory request was completed. (0x12B)
[0507/121351.406:ERROR:process_memory_win.cc(73)] ReadMemory at 0x55b17c7000 of 6024 bytes failed: Only part of a ReadProcessMemory or WriteProcessMemory request was completed. (0x12B)
[0507/121351.406:ERROR:process_memory_win.cc(73)] ReadMemory at 0x55b17cb000 of 6024 bytes failed: Only part of a ReadProcessMemory or WriteProcessMemory request was completed. (0x12B)
[0507/121351.406:ERROR:process_memory_win.cc(73)] ReadMemory at 0x55b17cd000 of 6024 bytes failed: Only part of a ReadProcessMemory or WriteProcessMemory request was completed. (0x12B)
[0507/121351.406:ERROR:process_memory_win.cc(73)] ReadMemory at 0x55b17cf000 of 6024 bytes failed: Only part of a ReadProcessMemory or WriteProcessMemory request was completed. (0x12B)
[0507/121351.406:ERROR:process_memory_win.cc(73)] ReadMemory at 0x55b17d1000 of 6024 bytes failed: Only part of a ReadProcessMemory or WriteProcessMemory request was completed. (0x12B)
[0507/121351.406:ERROR:process_memory_win.cc(73)] ReadMemory at 0x55b17dd000 of 6024 bytes failed: Only part of a ReadProcessMemory or WriteProcessMemory request was completed. (0x12B)
[0507/121351.406:ERROR:process_memory_win.cc(73)] ReadMemory at 0x23a1b341a80 of 512 bytes failed: Only part of a ReadProcessMemory or WriteProcessMemory request was completed. (0x12B)
[0507/121351.406:ERROR:process_memory_win.cc(73)] ReadMemory at 0x23a1b370fe0 of 11712 bytes failed: Only part of a ReadProcessMemory or WriteProcessMemory request was completed. (0x12B)
[0507/121351.406:ERROR:process_memory_win.cc(73)] ReadMemory at 0x23a1b373db0 of 1012 bytes failed: Only part of a ReadProcessMemory or WriteProcessMemory request was completed. (0x12B)
[0507/121351.406:ERROR:process_memory_win.cc(73)] ReadMemory at 0x23a1b3743f8 of 118 bytes failed: Only part of a ReadProcessMemory or WriteProcessMemory request was completed. (0x12B)
[0507/121351.406:ERROR:process_memory_win.cc(73)] ReadMemory at 0x23a1b374470 of 754 bytes failed: Only part of a ReadProcessMemory or WriteProcessMemory request was completed. (0x12B)
[0507/121351.406:ERROR:process_memory_win.cc(73)] ReadMemory at 0x23a1b374764 of 118 bytes failed: Only part of a ReadProcessMemory or WriteProcessMemory request was completed. (0x12B)
[0507/121351.406:ERROR:process_memory_win.cc(73)] ReadMemory at 0x23a1b3747dc of 98 bytes failed: Only part of a ReadProcessMemory or WriteProcessMemory request was completed. (0x12B)
[0507/121351.406:ERROR:process_memory_win.cc(73)] ReadMemory at 0x23a1b374850 of 58 bytes failed: Only part of a ReadProcessMemory or WriteProcessMemory request was completed. (0x12B)
[0507/121351.516:ERROR:process_memory_win.cc(73)] ReadMemory at 0x23a1b374950 of 132 bytes failed: Only part of a ReadProcessMemory or WriteProcessMemory request was completed. (0x12B)
[0507/121351.516:ERROR:process_memory_win.cc(73)] ReadMemory at 0x23a1b374ae0 of 132 bytes failed: Only part of a ReadProcessMemory or WriteProcessMemory request was completed. (0x12B)
[0507/121351.516:ERROR:process_memory_win.cc(73)] ReadMemory at 0x23a1b374ca0 of 126 bytes failed: Only part of a ReadProcessMemory or WriteProcessMemory request was completed. (0x12B)
[0507/121351.516:ERROR:process_memory_win.cc(73)] ReadMemory at 0x23a1b375080 of 132 bytes failed: Only part of a ReadProcessMemory or WriteProcessMemory request was completed. (0x12B)
[0507/121351.516:ERROR:process_memory_win.cc(73)] ReadMemory at 0x23a1b375210 of 64 bytes failed: Only part of a ReadProcessMemory or WriteProcessMemory request was completed. (0x12B)
[0507/121351.516:ERROR:process_memory_win.cc(73)] ReadMemory at 0x23a1b375370 of 132 bytes failed: Only part of a ReadProcessMemory or WriteProcessMemory request was completed. (0x12B)
[0507/121351.516:ERROR:process_memory_win.cc(73)] ReadMemory at 0x23a1b375500 of 62 bytes failed: Only part of a ReadProcessMemory or WriteProcessMemory request was completed. (0x12B)
[0507/121351.559:ERROR:process_memory_win.cc(73)] ReadMemory at 0x23a1b375670 of 132 bytes failed: Only part of a ReadProcessMemory or WriteProcessMemory request was completed. (0x12B)
[0507/121351.559:ERROR:process_memory_win.cc(73)] ReadMemory at 0x23a1b375800 of 68 bytes failed: Only part of a ReadProcessMemory or WriteProcessMemory request was completed. (0x12B)
[0507/121351.559:ERROR:process_memory_win.cc(73)] ReadMemory at 0x23a1b382390 of 132 bytes failed: Only part of a ReadProcessMemory or WriteProcessMemory request was completed. (0x12B)
[0507/121351.629:ERROR:process_memory_win.cc(73)] ReadMemory at 0x23a1b3825a0 of 132 bytes failed: Only part of a ReadProcessMemory or WriteProcessMemory request was completed. (0x12B)
[0507/121351.629:ERROR:process_memory_win.cc(73)] ReadMemory at 0x23a1b382730 of 154 bytes failed: Only part of a ReadProcessMemory or WriteProcessMemory request was completed. (0x12B)
[0507/121351.629:ERROR:process_memory_win.cc(73)] ReadMemory at 0x23a1b382d80 of 132 bytes failed: Only part of a ReadProcessMemory or WriteProcessMemory request was completed. (0x12B)
[0507/121351.629:ERROR:process_memory_win.cc(73)] ReadMemory at 0x23a1b382f10 of 60 bytes failed: Only part of a ReadProcessMemory or WriteProcessMemory request was completed. (0x12B)
[0507/121351.629:ERROR:process_memory_win.cc(73)] ReadMemory at 0x23a1b383e60 of 62 bytes failed: Only part of a ReadProcessMemory or WriteProcessMemory request was completed. (0x12B)
[0507/121351.629:ERROR:process_memory_win.cc(73)] ReadMemory at 0x23a1b383eb0 of 146 bytes failed: Only part of a ReadProcessMemory or WriteProcessMemory request was completed. (0x12B)
[0507/121351.629:ERROR:process_memory_win.cc(73)] ReadMemory at 0x23a1b383fe0 of 60 bytes failed: Only part of a ReadProcessMemory or WriteProcessMemory request was completed. (0x12B)
[0507/121351.629:ERROR:process_memory_win.cc(73)] ReadMemory at 0x23a1b384170 of 64 bytes failed: Only part of a ReadProcessMemory or WriteProcessMemory request was completed. (0x12B)
[0507/121351.629:ERROR:process_memory_win.cc(73)] ReadMemory at 0x23a1b3841c0 of 64 bytes failed: Only part of a ReadProcessMemory or WriteProcessMemory request was completed. (0x12B)
[0507/121351.629:ERROR:process_memory_win.cc(73)] ReadMemory at 0x23a1b384210 of 62 bytes failed: Only part of a ReadProcessMemory or WriteProcessMemory request was completed. (0x12B)
[0507/121351.630:ERROR:process_memory_win.cc(73)] ReadMemory at 0x23a1b384260 of 64 bytes failed: Only part of a ReadProcessMemory or WriteProcessMemory request was completed. (0x12B)
[0507/121351.630:ERROR:process_memory_win.cc(73)] ReadMemory at 0x23a1b384300 of 66 bytes failed: Only part of a ReadProcessMemory or WriteProcessMemory request was completed. (0x12B)
[0507/121351.630:ERROR:process_memory_win.cc(73)] ReadMemory at 0x23a1b3843a0 of 64 bytes failed: Only part of a ReadProcessMemory or WriteProcessMemory request was completed. (0x12B)
[0507/121351.678:ERROR:process_memory_win.cc(73)] ReadMemory at 0x23a1b3843f0 of 60 bytes failed: Only part of a ReadProcessMemory or WriteProcessMemory request was completed. (0x12B)
[0507/121351.705:ERROR:process_memory_win.cc(73)] ReadMemory at 0x23a1b384440 of 62 bytes failed: Only part of a ReadProcessMemory or WriteProcessMemory request was completed. (0x12B)
[0507/121351.705:ERROR:process_memory_win.cc(73)] ReadMemory at 0x23a1b385260 of 132 bytes failed: Only part of a ReadProcessMemory or WriteProcessMemory request was completed. (0x12B)
[0507/121351.705:ERROR:process_memory_win.cc(73)] ReadMemory at 0x23a1b3855b0 of 132 bytes failed: Only part of a ReadProcessMemory or WriteProcessMemory request was completed. (0x12B)
[0507/121351.705:ERROR:process_memory_win.cc(73)] ReadMemory at 0x23a1b3857d0 of 132 bytes failed: Only part of a ReadProcessMemory or WriteProcessMemory request was completed. (0x12B)
[0507/121351.705:ERROR:process_memory_win.cc(73)] ReadMemory at 0x23a1b3859f0 of 132 bytes failed: Only part of a ReadProcessMemory or WriteProcessMemory request was completed. (0x12B)
[0507/121351.705:ERROR:process_memory_win.cc(73)] ReadMemory at 0x23a1b385ca0 of 132 bytes failed: Only part of a ReadProcessMemory or WriteProcessMemory request was completed. (0x12B)
[0507/121351.705:ERROR:process_memory_win.cc(73)] ReadMemory at 0x23a1b3864e0 of 80 bytes failed: Only part of a ReadProcessMemory or WriteProcessMemory request was completed. (0x12B)
[0507/121351.705:ERROR:process_memory_win.cc(73)] ReadMemory at 0x23a1b386fb0 of 132 bytes failed: Only part of a ReadProcessMemory or WriteProcessMemory request was completed. (0x12B)
[0507/121351.705:ERROR:process_memory_win.cc(73)] ReadMemory at 0x23a1b387210 of 132 bytes failed: Only part of a ReadProcessMemory or WriteProcessMemory request was completed. (0x12B)
[0507/121351.705:ERROR:process_memory_win.cc(73)] ReadMemory at 0x23a1b387340 of 132 bytes failed: Only part of a ReadProcessMemory or WriteProcessMemory request was completed. (0x12B)
[0507/121351.705:ERROR:process_memory_win.cc(73)] ReadMemory at 0x23a1b3875a0 of 132 bytes failed: Only part of a ReadProcessMemory or WriteProcessMemory request was completed. (0x12B)
[0507/121351.705:ERROR:process_memory_win.cc(73)] ReadMemory at 0x23a1b3876d0 of 132 bytes failed: Only part of a ReadProcessMemory or WriteProcessMemory request was completed. (0x12B)
[0507/121351.705:ERROR:process_memory_win.cc(73)] ReadMemory at 0x23a1b387800 of 132 bytes failed: Only part of a ReadProcessMemory or WriteProcessMemory request was completed. (0x12B)
[0507/121351.706:ERROR:process_memory_win.cc(73)] ReadMemory at 0x23a1b387930 of 132 bytes failed: Only part of a ReadProcessMemory or WriteProcessMemory request was completed. (0x12B)
[0507/121351.706:ERROR:process_memory_win.cc(73)] ReadMemory at 0x23a1b387a60 of 132 bytes failed: Only part of a ReadProcessMemory or WriteProcessMemory request was completed. (0x12B)
[0507/121351.706:ERROR:process_memory_win.cc(73)] ReadMemory at 0x23a1b387b90 of 132 bytes failed: Only part of a ReadProcessMemory or WriteProcessMemory request was completed. (0x12B)
[0507/121351.706:ERROR:process_memory_win.cc(73)] ReadMemory at 0x23a1b387cc0 of 132 bytes failed: Only part of a ReadProcessMemory or WriteProcessMemory request was completed. (0x12B)
[0507/121351.706:ERROR:process_memory_win.cc(73)] ReadMemory at 0x23a1b387df0 of 132 bytes failed: Only part of a ReadProcessMemory or WriteProcessMemory request was completed. (0x12B)
[0507/121351.706:ERROR:process_memory_win.cc(73)] ReadMemory at 0x23a1b387f20 of 132 bytes failed: Only part of a ReadProcessMemory or WriteProcessMemory request was completed. (0x12B)
[0507/121351.706:ERROR:process_memory_win.cc(73)] ReadMemory at 0x23a1b388050 of 132 bytes failed: Only part of a ReadProcessMemory or WriteProcessMemory request was completed. (0x12B)
[0507/121351.706:ERROR:process_memory_win.cc(73)] ReadMemory at 0x23a1b389eb0 of 54 bytes failed: Only part of a ReadProcessMemory or WriteProcessMemory request was completed. (0x12B)
[0507/121351.706:ERROR:process_memory_win.cc(73)] ReadMemory at 0x23a1b38bd00 of 132 bytes failed: Only part of a ReadProcessMemory or WriteProcessMemory request was completed. (0x12B)
[0507/121351.706:ERROR:process_memory_win.cc(73)] ReadMemory at 0x23a1b38be30 of 132 bytes failed: Only part of a ReadProcessMemory or WriteProcessMemory request was completed. (0x12B)
[0507/121351.706:ERROR:process_memory_win.cc(73)] ReadMemory at 0x23a1b38cfa0 of 76 bytes failed: Only part of a ReadProcessMemory or WriteProcessMemory request was completed. (0x12B)
[0507/121351.706:ERROR:process_memory_win.cc(73)] ReadMemory at 0x23a1b38d0c0 of 80 bytes failed: Only part of a ReadProcessMemory or WriteProcessMemory request was completed. (0x12B)
[0507/121351.706:ERROR:process_memory_win.cc(73)] ReadMemory at 0x23a1b38d490 of 66 bytes failed: Only part of a ReadProcessMemory or WriteProcessMemory request was completed. (0x12B)
[0507/121351.706:ERROR:process_memory_win.cc(73)] ReadMemory at 0x23a1b38d4e0 of 62 bytes failed: Only part of a ReadProcessMemory or WriteProcessMemory request was completed. (0x12B)
[0507/121351.706:ERROR:process_memory_win.cc(73)] ReadMemory at 0x23a1b38d530 of 64 bytes failed: Only part of a ReadProcessMemory or WriteProcessMemory request was completed. (0x12B)
[0507/121351.706:ERROR:process_memory_win.cc(73)] ReadMemory at 0x23a1b38d620 of 62 bytes failed: Only part of a ReadProcessMemory or WriteProcessMemory request was completed. (0x12B)
[0507/121351.706:ERROR:process_memory_win.cc(73)] ReadMemory at 0x23a1b38d7b0 of 58 bytes failed: Only part of a ReadProcessMemory or WriteProcessMemory request was completed. (0x12B)
[0507/121351.706:ERROR:process_memory_win.cc(73)] ReadMemory at 0x23a1b38d8a0 of 64 bytes failed: Only part of a ReadProcessMemory or WriteProcessMemory request was completed. (0x12B)
[0507/121351.706:ERROR:process_memory_win.cc(73)] ReadMemory at 0x23a1b38d8f0 of 62 bytes failed: Only part of a ReadProcessMemory or WriteProcessMemory request was completed. (0x12B)
[0507/121351.706:ERROR:process_memory_win.cc(73)] ReadMemory at 0x23a1b38d940 of 60 bytes failed: Only part of a ReadProcessMemory or WriteProcessMemory request was completed. (0x12B)
[0507/121351.706:ERROR:process_memory_win.cc(73)] ReadMemory at 0x23a1b38d990 of 64 bytes failed: Only part of a ReadProcessMemory or WriteProcessMemory request was completed. (0x12B)
[0507/121351.706:ERROR:process_memory_win.cc(73)] ReadMemory at 0x23a1b38da80 of 62 bytes failed: Only part of a ReadProcessMemory or WriteProcessMemory request was completed. (0x12B)
[0507/121351.706:ERROR:process_memory_win.cc(73)] ReadMemory at 0x23a1b38db20 of 62 bytes failed: Only part of a ReadProcessMemory or WriteProcessMemory request was completed. (0x12B)
[0507/121351.707:ERROR:process_memory_win.cc(73)] ReadMemory at 0x23a1b38db70 of 60 bytes failed: Only part of a ReadProcessMemory or WriteProcessMemory request was completed. (0x12B)
[0507/121351.707:ERROR:process_memory_win.cc(73)] ReadMemory at 0x23a1b38dc10 of 62 bytes failed: Only part of a ReadProcessMemory or WriteProcessMemory request was completed. (0x12B)
[0507/121351.707:ERROR:process_memory_win.cc(73)] ReadMemory at 0x23a1b38dda0 of 64 bytes failed: Only part of a ReadProcessMemory or WriteProcessMemory request was completed. (0x12B)
[0507/121351.707:ERROR:process_memory_win.cc(73)] ReadMemory at 0x23a1b38df30 of 60 bytes failed: Only part of a ReadProcessMemory or WriteProcessMemory request was completed. (0x12B)
[0507/121351.707:ERROR:process_memory_win.cc(73)] ReadMemory at 0x23a1b38df80 of 62 bytes failed: Only part of a ReadProcessMemory or WriteProcessMemory request was completed. (0x12B)
[0507/121351.707:ERROR:process_memory_win.cc(73)] ReadMemory at 0x23a1b38e020 of 62 bytes failed: Only part of a ReadProcessMemory or WriteProcessMemory request was completed. (0x12B)
[0507/121351.707:ERROR:process_memory_win.cc(73)] ReadMemory at 0x23a1b38e160 of 60 bytes failed: Only part of a ReadProcessMemory or WriteProcessMemory request was completed. (0x12B)
[0507/121351.707:ERROR:process_memory_win.cc(73)] ReadMemory at 0x23a1b3909b0 of 132 bytes failed: Only part of a ReadProcessMemory or WriteProcessMemory request was completed. (0x12B)
[0507/121351.707:ERROR:process_memory_win.cc(73)] ReadMemory at 0x23a1b3910f0 of 132 bytes failed: Only part of a ReadProcessMemory or WriteProcessMemory request was completed. (0x12B)
[0507/121351.707:ERROR:process_memory_win.cc(73)] ReadMemory at 0x23a1b391220 of 132 bytes failed: Only part of a ReadProcessMemory or WriteProcessMemory request was completed. (0x12B)
[0507/121351.707:ERROR:process_memory_win.cc(73)] ReadMemory at 0x23a1b3915b0 of 132 bytes failed: Only part of a ReadProcessMemory or WriteProcessMemory request was completed. (0x12B)
[0507/121351.707:ERROR:process_memory_win.cc(73)] ReadMemory at 0x23a1b3916e0 of 132 bytes failed: Only part of a ReadProcessMemory or WriteProcessMemory request was completed. (0x12B)
[0507/121351.707:ERROR:process_memory_win.cc(73)] ReadMemory at 0x23a1b391810 of 132 bytes failed: Only part of a ReadProcessMemory or WriteProcessMemory request was completed. (0x12B)
[0507/121351.707:ERROR:process_memory_win.cc(73)] ReadMemory at 0x23a1b391ba0 of 132 bytes failed: Only part of a ReadProcessMemory or WriteProcessMemory request was completed. (0x12B)
[0507/121351.707:ERROR:process_memory_win.cc(73)] ReadMemory at 0x23a1b391f30 of 132 bytes failed: Only part of a ReadProcessMemory or WriteProcessMemory request was completed. (0x12B)
[0507/121351.707:ERROR:process_memory_win.cc(73)] ReadMemory at 0x23a1b392060 of 132 bytes failed: Only part of a ReadProcessMemory or WriteProcessMemory request was completed. (0x12B)
[0507/121351.707:ERROR:process_memory_win.cc(73)] ReadMemory at 0x23a1b3923f0 of 132 bytes failed: Only part of a ReadProcessMemory or WriteProcessMemory request was completed. (0x12B)
[0507/121351.707:ERROR:process_memory_win.cc(73)] ReadMemory at 0x23a1b392520 of 132 bytes failed: Only part of a ReadProcessMemory or WriteProcessMemory request was completed. (0x12B)
[0507/121351.707:ERROR:process_memory_win.cc(73)] ReadMemory at 0x23a1b3928b0 of 132 bytes failed: Only part of a ReadProcessMemory or WriteProcessMemory request was completed. (0x12B)
[0507/121351.707:ERROR:process_memory_win.cc(73)] ReadMemory at 0x23a1b3ab070 of 512 bytes failed: Only part of a ReadProcessMemory or WriteProcessMemory request was completed. (0x12B)
[0507/121351.707:ERROR:process_memory_win.cc(73)] ReadMemory at 0x23a1b3abe10 of 832 bytes failed: Only part of a ReadProcessMemory or WriteProcessMemory request was completed. (0x12B)
[0507/121351.708:ERROR:process_memory_win.cc(73)] ReadMemory at 0x23a1b9915e0 of 512 bytes failed: Only part of a ReadProcessMemory or WriteProcessMemory request was completed. (0x12B)
[0507/121351.708:ERROR:process_memory_win.cc(73)] ReadMemory at 0x23a1b9928f0 of 512 bytes failed: Only part of a ReadProcessMemory or WriteProcessMemory request was completed. (0x12B)
[0507/121351.708:ERROR:process_memory_win.cc(73)] ReadMemory at 0x23a1b9a6820 of 712 bytes failed: Only part of a ReadProcessMemory or WriteProcessMemory request was completed. (0x12B)
[0507/121351.708:ERROR:process_memory_win.cc(73)] ReadMemory at 0x23a1b9aef00 of 512 bytes failed: Only part of a ReadProcessMemory or WriteProcessMemory request was completed. (0x12B)
[0507/121351.708:ERROR:process_memory_win.cc(73)] ReadMemory at 0x23a1b9d49b0 of 512 bytes failed: Only part of a ReadProcessMemory or WriteProcessMemory request was completed. (0x12B)
[0507/121351.708:ERROR:process_memory_win.cc(73)] ReadMemory at 0x23a1bab0000 of 384 bytes failed: Only part of a ReadProcessMemory or WriteProcessMemory request was completed. (0x12B)
[0507/121351.708:ERROR:process_memory_win.cc(73)] ReadMemory at 0x23a1d040000 of 384 bytes failed: Only part of a ReadProcessMemory or WriteProcessMemory request was completed. (0x12B)
[0507/121351.708:ERROR:process_memory_win.cc(73)] ReadMemory at 0x23a1d0e4360 of 512 bytes failed: Only part of a ReadProcessMemory or WriteProcessMemory request was completed. (0x12B)
[0507/121351.708:ERROR:process_memory_win.cc(73)] ReadMemory at 0x23a1d1d7920 of 512 bytes failed: Only part of a ReadProcessMemory or WriteProcessMemory request was completed. (0x12B)
[0507/121351.708:ERROR:process_memory_win.cc(73)] ReadMemory at 0x23a1e46cf40 of 544 bytes failed: Only part of a ReadProcessMemory or WriteProcessMemory request was completed. (0x12B)
[0507/121351.708:ERROR:process_memory_win.cc(73)] ReadMemory at 0x23a21c03d20 of 512 bytes failed: Only part of a ReadProcessMemory or WriteProcessMemory request was completed. (0x12B)
[0507/121351.708:ERROR:process_memory_win.cc(73)] ReadMemory at 0x23a2415afc0 of 528 bytes failed: Only part of a ReadProcessMemory or WriteProcessMemory request was completed. (0x12B)
[0507/121351.708:ERROR:process_memory_win.cc(73)] ReadMemory at 0x23a2f108b10 of 512 bytes failed: Only part of a ReadProcessMemory or WriteProcessMemory request was completed. (0x12B)
[0507/121351.708:ERROR:process_memory_win.cc(73)] ReadMemory at 0x23a41777480 of 512 bytes failed: Only part of a ReadProcessMemory or WriteProcessMemory request was completed. (0x12B)
[0507/121351.708:ERROR:process_memory_win.cc(73)] ReadMemory at 0x29e00a7a86d1 of 512 bytes failed: Only part of a ReadProcessMemory or WriteProcessMemory request was completed. (0x12B)
[0507/121351.708:ERROR:process_memory_win.cc(73)] ReadMemory at 0x7ffb24017a55 of 512 bytes failed: Only part of a ReadProcessMemory or WriteProcessMemory request was completed. (0x12B)
[0507/121351.708:ERROR:process_memory_win.cc(73)] ReadMemory at 0x7ffb24018245 of 512 bytes failed: Only part of a ReadProcessMemory or WriteProcessMemory request was completed. (0x12B)
[0507/121351.708:ERROR:process_memory_win.cc(73)] ReadMemory at 0x7ffb4f9e0753 of 512 bytes failed: Only part of a ReadProcessMemory or WriteProcessMemory request was completed. (0x12B)
[0507/121351.708:ERROR:process_memory_win.cc(73)] ReadMemory at 0x7ffb4fa3c074 of 672 bytes failed: Only part of a ReadProcessMemory or WriteProcessMemory request was completed. (0x12B)
[0507/121351.708:ERROR:process_memory_win.cc(73)] ReadMemory at 0x7ffb4fa3f924 of 608 bytes failed: Only part of a ReadProcessMemory or WriteProcessMemory request was completed. (0x12B)
[0507/121351.708:ERROR:process_memory_win.cc(73)] ReadMemory at 0x7ffb4facc428 of 18 bytes failed: Only part of a ReadProcessMemory or WriteProcessMemory request was completed. (0x12B)
[0507/121351.708:ERROR:process_memory_win.cc(73)] ReadMemory at 0x7ffb4faff4f8 of 40 bytes failed: Only part of a ReadProcessMemory or WriteProcessMemory request was completed. (0x12B)
[0507/121351.709:ERROR:process_memory_win.cc(73)] ReadMemory at 0x7ffb4faff978 of 48 bytes failed: Only part of a ReadProcessMemory or WriteProcessMemory request was completed. (0x12B)
[0507/121351.709:ERROR:process_memory_win.cc(73)] ReadMemory at 0x7ffb4fb053c0 of 64 bytes failed: Only part of a ReadProcessMemory or WriteProcessMemory request was completed. (0x12B)
[0507/121351.710:ERROR:scoped_process_suspend.cc(40)] NtResumeProcess: An attempt was made to access an exiting process. (0xc000010a)
